[INFO] Error stacktraces are turned on.
[INFO] Scanning for projects...
[WARNING] 
[WARNING] Some problems were encountered while building the effective model for com.diabolicallabs:vertx-cron:jar:3.2.1-SNAPSHOT
[WARNING] 'build.plugins.plugin.version' for org.apache.maven.plugins:maven-resources-plugin is missing. @ line 107, column 21
[WARNING] 
[WARNING] It is highly recommended to fix these problems because they threaten the stability of your build.
[WARNING] 
[WARNING] For this reason, future Maven versions might no longer support building such malformed projects.
[WARNING] 
[INFO]                                                                         
[INFO] ------------------------------------------------------------------------
[INFO] Building Cron for Eclipse Vert.x 3.2.1-SNAPSHOT
[INFO] ------------------------------------------------------------------------
[INFO] 
[INFO] --- maven-release-plugin:2.5.3:clean (default-cli) @ vertx-cron ---
[INFO] Cleaning up after release...
[INFO] 
[INFO] --- maven-release-plugin:2.5.3:prepare (default-cli) @ vertx-cron ---
[INFO] Verifying that there are no local modifications...
[INFO]   ignoring changes on: **/pom.xml.releaseBackup, **/pom.xml.next, **/pom.xml.tag, **/pom.xml.branch, **/release.properties, **/pom.xml.backup
[INFO] Executing: /bin/sh -c cd /Users/davidbush/git/vertx-cron && git rev-parse --show-toplevel
[INFO] Working directory: /Users/davidbush/git/vertx-cron
[INFO] Executing: /bin/sh -c cd /Users/davidbush/git/vertx-cron && git status --porcelain .
[INFO] Working directory: /Users/davidbush/git/vertx-cron
[WARNING] Ignoring unrecognized line: ?? maven-central-deploy.log
[INFO] ------------------------------------------------------------------------
[INFO] BUILD FAILURE
[INFO] ------------------------------------------------------------------------
[INFO] Total time: 0.703 s
[INFO] Finished at: 2016-02-08T19:37:46-06:00
[INFO] Final Memory: 11M/245M
[INFO] ------------------------------------------------------------------------
[ERROR] Failed to execute goal org.apache.maven.plugins:maven-release-plugin:2.5.3:prepare (default-cli) on project vertx-cron: Cannot prepare the release because you have local modifications :
[ERROR] [pom.xml:modified]
[ERROR] -> [Help 1]
org.apache.maven.lifecycle.LifecycleExecutionException: Failed to execute goal org.apache.maven.plugins:maven-release-plugin:2.5.3:prepare (default-cli) on project vertx-cron: Cannot prepare the release because you have local modifications : 
[pom.xml:modified]

	at org.apache.maven.lifecycle.internal.MojoExecutor.execute(MojoExecutor.java:212)
	at org.apache.maven.lifecycle.internal.MojoExecutor.execute(MojoExecutor.java:153)
	at org.apache.maven.lifecycle.internal.MojoExecutor.execute(MojoExecutor.java:145)
	at org.apache.maven.lifecycle.internal.LifecycleModuleBuilder.buildProject(LifecycleModuleBuilder.java:116)
	at org.apache.maven.lifecycle.internal.LifecycleModuleBuilder.buildProject(LifecycleModuleBuilder.java:80)
	at org.apache.maven.lifecycle.internal.builder.singlethreaded.SingleThreadedBuilder.build(SingleThreadedBuilder.java:51)
	at org.apache.maven.lifecycle.internal.LifecycleStarter.execute(LifecycleStarter.java:128)
	at org.apache.maven.DefaultMaven.doExecute(DefaultMaven.java:307)
	at org.apache.maven.DefaultMaven.doExecute(DefaultMaven.java:193)
	at org.apache.maven.DefaultMaven.execute(DefaultMaven.java:106)
	at org.apache.maven.cli.MavenCli.execute(MavenCli.java:863)
	at org.apache.maven.cli.MavenCli.doMain(MavenCli.java:288)
	at org.apache.maven.cli.MavenCli.main(MavenCli.java:199)
	at sun.reflect.NativeMethodAccessorImpl.invoke0(Native Method)
	at sun.reflect.NativeMethodAccessorImpl.invoke(NativeMethodAccessorImpl.java:62)
	at sun.reflect.DelegatingMethodAccessorImpl.invoke(DelegatingMethodAccessorImpl.java:43)
	at java.lang.reflect.Method.invoke(Method.java:498)
	at org.codehaus.plexus.classworlds.launcher.Launcher.launchEnhanced(Launcher.java:289)
	at org.codehaus.plexus.classworlds.launcher.Launcher.launch(Launcher.java:229)
	at org.codehaus.plexus.classworlds.launcher.Launcher.mainWithExitCode(Launcher.java:415)
	at org.codehaus.plexus.classworlds.launcher.Launcher.main(Launcher.java:356)
Caused by: org.apache.maven.plugin.MojoFailureException: Cannot prepare the release because you have local modifications : 
[pom.xml:modified]

	at org.apache.maven.plugins.release.PrepareReleaseMojo.prepareRelease(PrepareReleaseMojo.java:294)
	at org.apache.maven.plugins.release.PrepareReleaseMojo.execute(PrepareReleaseMojo.java:240)
	at org.apache.maven.plugin.DefaultBuildPluginManager.executeMojo(DefaultBuildPluginManager.java:134)
	at org.apache.maven.lifecycle.internal.MojoExecutor.execute(MojoExecutor.java:207)
	... 20 more
Caused by: org.apache.maven.shared.release.ReleaseFailureException: Cannot prepare the release because you have local modifications : 
[pom.xml:modified]

	at org.apache.maven.shared.release.phase.ScmCheckModificationsPhase.execute(ScmCheckModificationsPhase.java:188)
	at org.apache.maven.shared.release.DefaultReleaseManager.prepare(DefaultReleaseManager.java:234)
	at org.apache.maven.shared.release.DefaultReleaseManager.prepare(DefaultReleaseManager.java:169)
	at org.apache.maven.shared.release.DefaultReleaseManager.prepare(DefaultReleaseManager.java:146)
	at org.apache.maven.shared.release.DefaultReleaseManager.prepare(DefaultReleaseManager.java:107)
	at org.apache.maven.plugins.release.PrepareReleaseMojo.prepareRelease(PrepareReleaseMojo.java:286)
	... 23 more
[ERROR] 
[ERROR] Re-run Maven using the -X switch to enable full debug logging.
[ERROR] 
[ERROR] For more information about the errors and possible solutions, please read the following articles:
[ERROR] [Help 1] http://cwiki.apache.org/confluence/display/MAVEN/MojoFailureException
